<?xml version="1.0" encoding="UTF-8"?>
<!-- Generated by org.testng.reporters.JUnitReportReporter -->
<testsuite skipped="0" hostname="Mounika-MacBook-Pro.local" name="com.appium.tests.AppiumTests" tests="1" failures="0" timestamp="22 Jan 2019 09:11:41 GMT" time="26.619" errors="0">
  <testcase name="testcases" time="26.619" classname="com.appium.tests.AppiumTests"/>
</testsuite> <!-- com.appium.tests.AppiumTests -->
