<?xml version="1.0" encoding="UTF-8"?>
<!-- Generated by org.testng.reporters.JUnitReportReporter -->
<testsuite skipped="0" hostname="Mounika-MacBook-Pro.local" name="tests.AppiumTests" tests="1" failures="0" timestamp="19 Jan 2019 08:14:59 GMT" time="0.006" errors="0">
  <testcase name="testcases" time="0.006" classname="tests.AppiumTests"/>
</testsuite> <!-- tests.AppiumTests -->
